<?xml version="1.0" encoding="UTF-8"?>
<testsuite name="scheduler.api.service.ps.PersonalScheduleServiceTest" tests="1" skipped="0" failures="0" errors="0" timestamp="2022-08-17T07:55:57" hostname="oseung-yun-ui-MacBookAir.local" time="0.007">
  <properties/>
  <testcase name="test3()" classname="scheduler.api.service.ps.PersonalScheduleServiceTest" time="0.007"/>
  <system-out><![CDATA[2022-08-17 16:55:57.107  INFO 3730 --- [    Test worker] .b.t.c.SpringBootTestContextBootstrapper : Neither @ContextConfiguration nor @ContextHierarchy found for test class [scheduler.api.service.ps.PersonalScheduleServiceTest], using SpringBootContextLoader
2022-08-17 16:55:57.110  INFO 3730 --- [    Test worker] o.s.t.c.support.AbstractContextLoader    : Could not detect default resource locations for test class [scheduler.api.service.ps.PersonalScheduleServiceTest]: no resource found for suffixes {-context.xml, Context.groovy}.
2022-08-17 16:55:57.111  INFO 3730 --- [    Test worker] t.c.s.AnnotationConfigContextLoaderUtils : Could not detect default configuration classes for test class [scheduler.api.service.ps.PersonalScheduleServiceTest]: PersonalScheduleServiceTest does not declare any static, non-private, non-final, nested classes annotated with @Configuration.
2022-08-17 16:55:57.133  INFO 3730 --- [    Test worker] .b.t.c.SpringBootTestContextBootstrapper : Found @SpringBootConfiguration scheduler.api.ApiApplication for test class scheduler.api.service.ps.PersonalScheduleServiceTest
2022-08-17 16:55:57.141  INFO 3730 --- [    Test worker] .b.t.c.SpringBootTestContextBootstrapper : Loaded default TestExecutionListener class names from location [META-INF/spring.factories]: [org.springframework.boot.test.autoconfigure.restdocs.RestDocsTestExecutionListener, org.springframework.boot.test.autoconfigure.web.client.MockRestServiceServerResetTestExecutionListener, org.springframework.boot.test.autoconfigure.web.servlet.MockMvcPrintOnlyOnFailureTestExecutionListener, org.springframework.boot.test.autoconfigure.web.servlet.WebDriverTestExecutionListener, org.springframework.boot.test.autoconfigure.webservices.client.MockWebServiceServerTestExecutionListener, org.springframework.boot.test.mock.mockito.MockitoTestExecutionListener, org.springframework.boot.test.mock.mockito.ResetMocksTestExecutionListener, org.springframework.test.context.web.ServletTestExecutionListener, org.springframework.test.context.support.DirtiesContextBeforeModesTestExecutionListener, org.springframework.test.context.event.ApplicationEventsTestExecutionListener, org.springframework.test.context.support.DependencyInjectionTestExecutionListener, org.springframework.test.context.support.DirtiesContextTestExecutionListener, org.springframework.test.context.transaction.TransactionalTestExecutionListener, org.springframework.test.context.jdbc.SqlScriptsTestExecutionListener, org.springframework.test.context.event.EventPublishingTestExecutionListener]
2022-08-17 16:55:57.142  INFO 3730 --- [    Test worker] .b.t.c.SpringBootTestContextBootstrapper : Using TestExecutionListeners: [org.springframework.test.context.web.ServletTestExecutionListener@45ac973, org.springframework.test.context.support.DirtiesContextBeforeModesTestExecutionListener@28b7646, org.springframework.test.context.event.ApplicationEventsTestExecutionListener@40239b34, org.springframework.boot.test.mock.mockito.MockitoTestExecutionListener@4e553d60, org.springframework.boot.test.autoconfigure.SpringBootDependencyInjectionTestExecutionListener@1c966488, org.springframework.test.context.support.DirtiesContextTestExecutionListener@45f6181a, org.springframework.test.context.transaction.TransactionalTestExecutionListener@19d0d1ab, org.springframework.test.context.jdbc.SqlScriptsTestExecutionListener@7e0941cc, org.springframework.test.context.event.EventPublishingTestExecutionListener@5114c8a1, org.springframework.boot.test.autoconfigure.restdocs.RestDocsTestExecutionListener@24d73c51, org.springframework.boot.test.autoconfigure.web.client.MockRestServiceServerResetTestExecutionListener@3b95fce9, org.springframework.boot.test.autoconfigure.web.servlet.MockMvcPrintOnlyOnFailureTestExecutionListener@f26cd76, org.springframework.boot.test.autoconfigure.web.servlet.WebDriverTestExecutionListener@78805df3, org.springframework.boot.test.autoconfigure.webservices.client.MockWebServiceServerTestExecutionListener@65a8c306, org.springframework.boot.test.mock.mockito.ResetMocksTestExecutionListener@71ce19ee]
2022-08-17 16:55:57.162  INFO 3730 --- [    Test worker] o.s.t.c.transaction.TransactionContext   : Began transaction (1) for test context [DefaultTestContext@48ba37dc testClass = PersonalScheduleServiceTest, testInstance = scheduler.api.service.ps.PersonalScheduleServiceTest@322f84fd, testMethod = test3@PersonalScheduleServiceTest, testException = [null], mergedContextConfiguration = [WebMergedContextConfiguration@113cc14d testClass = PersonalScheduleServiceTest, locations = '{}', classes = '{class scheduler.api.ApiApplication}', contextInitializerClasses = '[]', activeProfiles = '{}', propertySourceLocations = '{}', propertySourceProperties = '{org.springframework.boot.test.context.SpringBootTestContextBootstrapper=true}', contextCustomizers = set[org.springframework.boot.test.autoconfigure.actuate.metrics.MetricsExportContextCustomizerFactory$DisableMetricExportContextCustomizer@5ddcc487, org.springframework.boot.test.autoconfigure.properties.PropertyMappingContextCustomizer@0, org.springframework.boot.test.autoconfigure.web.servlet.WebDriverContextCustomizerFactory$Customizer@1fb669c3, org.springframework.boot.test.context.filter.ExcludeFilterContextCustomizer@68df9280, org.springframework.boot.test.json.DuplicateJsonObjectContextCustomizerFactory$DuplicateJsonObjectContextCustomizer@3f91b517, org.springframework.boot.test.mock.mockito.MockitoContextCustomizer@0, org.springframework.boot.test.web.client.TestRestTemplateContextCustomizer@63f259c3, org.springframework.boot.test.context.SpringBootTestArgs@1, org.springframework.boot.test.context.SpringBootTestWebEnvironment@3af9c5b7], resourceBasePath = 'src/main/webapp', contextLoader = 'org.springframework.boot.test.context.SpringBootContextLoader', parent = [null]], attributes = map['org.springframework.test.context.web.ServletTestExecutionListener.activateListener' -> true, 'org.springframework.test.context.web.ServletTestExecutionListener.populatedRequestContextHolder' -> true, 'org.springframework.test.context.web.ServletTestExecutionListener.resetRequestContextHolder' -> true, 'org.springframework.test.context.event.ApplicationEventsTestExecutionListener.recordApplicationEvents' -> false]]; transaction manager [org.springframework.orm.jpa.JpaTransactionManager@4a094f90]; rollback [true]
2022-08-17 16:55:57.167  INFO 3730 --- [    Test worker] o.s.t.c.transaction.TransactionContext   : Rolled back transaction for test: [DefaultTestContext@48ba37dc testClass = PersonalScheduleServiceTest, testInstance = scheduler.api.service.ps.PersonalScheduleServiceTest@322f84fd, testMethod = test3@PersonalScheduleServiceTest, testException = [null], mergedContextConfiguration = [WebMergedContextConfiguration@113cc14d testClass = PersonalScheduleServiceTest, locations = '{}', classes = '{class scheduler.api.ApiApplication}', contextInitializerClasses = '[]', activeProfiles = '{}', propertySourceLocations = '{}', propertySourceProperties = '{org.springframework.boot.test.context.SpringBootTestContextBootstrapper=true}', contextCustomizers = set[org.springframework.boot.test.autoconfigure.actuate.metrics.MetricsExportContextCustomizerFactory$DisableMetricExportContextCustomizer@5ddcc487, org.springframework.boot.test.autoconfigure.properties.PropertyMappingContextCustomizer@0, org.springframework.boot.test.autoconfigure.web.servlet.WebDriverContextCustomizerFactory$Customizer@1fb669c3, org.springframework.boot.test.context.filter.ExcludeFilterContextCustomizer@68df9280, org.springframework.boot.test.json.DuplicateJsonObjectContextCustomizerFactory$DuplicateJsonObjectContextCustomizer@3f91b517, org.springframework.boot.test.mock.mockito.MockitoContextCustomizer@0, org.springframework.boot.test.web.client.TestRestTemplateContextCustomizer@63f259c3, org.springframework.boot.test.context.SpringBootTestArgs@1, org.springframework.boot.test.context.SpringBootTestWebEnvironment@3af9c5b7], resourceBasePath = 'src/main/webapp', contextLoader = 'org.springframework.boot.test.context.SpringBootContextLoader', parent = [null]], attributes = map['org.springframework.test.context.web.ServletTestExecutionListener.activateListener' -> true, 'org.springframework.test.context.web.ServletTestExecutionListener.populatedRequestContextHolder' -> true, 'org.springframework.test.context.web.ServletTestExecutionListener.resetRequestContextHolder' -> true, 'org.springframework.test.context.event.ApplicationEventsTestExecutionListener.recordApplicationEvents' -> false]]
]]></system-out>
  <system-err><![CDATA[]]></system-err>
</testsuite>
